[2025-09-19 23:12:34] [MainThread] INFO: Server starting up
[2025-09-19 23:12:34] [MainThread] WARNING: This is a warning message
[2025-09-19 23:12:34] [MainThread] ERROR: This is an error message
[2025-09-19 23:12:34] [MainThread] DEBUG: Debug information: server configuration loaded
[2025-09-19 23:12:34] [MainThread] INFO: Server listening on 127.0.0.1:8080
[2025-09-19 23:12:34] [MainThread] WARNING: Thread pool queue at 75% capacity
[2025-09-19 23:12:34] [MainThread] ERROR: Failed to process request from 192.168.1.100: Connection timeout
[2025-09-19 23:12:34] [MainThread] INFO: Request processed
[2025-09-19 23:12:34] [MainThread] WARNING: High memory usage detected
[2025-09-19 23:12:34] [MainThread] INFO: Thread status: 1/4 active
[2025-09-19 23:12:34] [MainThread] DEBUG: Thread MainThread: main - active (uptime: 0.0s)
[2025-09-19 23:12:34] [MainThread] DEBUG: Thread worker-1: worker - busy (uptime: 0.0s)
[2025-09-19 23:12:34] [MainThread] DEBUG: Thread worker-2: worker - idle (uptime: 0.0s)
[2025-09-19 23:12:34] [MainThread] DEBUG: Thread worker-3: worker - busy (uptime: 0.0s)
[2025-09-19 23:12:34] [Thread-1 (worker_task)] INFO: Worker 0 starting task
[2025-09-19 23:12:34] [Thread-2 (worker_task)] INFO: Worker 1 starting task
[2025-09-19 23:12:34] [Thread-3 (worker_task)] INFO: Worker 2 starting task
[2025-09-19 23:12:34] [Thread-1 (worker_task)] INFO: Worker 0 completed task
[2025-09-19 23:12:34] [Thread-3 (worker_task)] INFO: Worker 2 completed task
[2025-09-19 23:12:34] [Thread-2 (worker_task)] INFO: Worker 1 completed task
[2025-09-19 23:12:34] [MainThread] INFO: Thread status: 1/2 active
[2025-09-19 23:12:34] [MainThread] DEBUG: Thread MainThread: main - active (uptime: 0.1s)
[2025-09-19 23:12:34] [MainThread] DEBUG: Thread worker-3: worker - busy (uptime: 0.1s)
